#
# There is insufficient memory for the Java Runtime Environment to continue.
# Native memory allocation (mmap) failed to map 16777216 bytes for G1 virtual space
# Possible reasons:
#   The system is out of physical RAM or swap space
#   The process is running with CompressedOops enabled, and the Java Heap may be blocking the growth of the native heap
# Possible solutions:
#   Reduce memory load on the system
#   Increase physical memory or swap space
#   Check if swap backing store is full
#   Decrease Java heap size (-Xmx/-Xms)
#   Decrease number of Java threads
#   Decrease Java thread stack sizes (-Xss)
#   Set larger code cache with -XX:ReservedCodeCacheSize=
#   JVM is running with Zero Based Compressed Oops mode in which the Java heap is
#     placed in the first 32GB address space. The Java Heap base address is the
#     maximum limit for the native heap growth. Please use -XX:HeapBaseMinAddress
#     to set the Java Heap base and to place the Java Heap above 32GB virtual address.
# This output file may be truncated or incomplete.
#
#  Out of Memory Error (os_windows.cpp:3600), pid=12848, tid=14596
#
# JRE version: OpenJDK Runtime Environment (21.0.1+12) (build 21.0.1+12-29)
# Java VM: OpenJDK 64-Bit Server VM (21.0.1+12-29, mixed mode, sharing, tiered, compressed oops, compressed class ptrs, g1 gc, windows-amd64)
# No core dump will be written. Minidumps are not enabled by default on client versions of Windows
#

---------------  S U M M A R Y ------------

Command Line: -Dmaven.multiModuleProjectDirectory=C:\Users\alejo\Documents\Proyecto apis\travel-agency\travel-agency -Djansi.passthrough=true -Dmaven.home=C:\Program Files\JetBrains\IntelliJ IDEA 2023.2.4\plugins\maven\lib\maven3 -Dclassworlds.conf=C:\Program Files\JetBrains\IntelliJ IDEA 2023.2.4\plugins\maven\lib\maven3\bin\m2.conf -Dmaven.ext.class.path=C:\Program Files\JetBrains\IntelliJ IDEA 2023.2.4\plugins\maven\lib\maven-event-listener.jar -javaagent:C:\Program Files\JetBrains\IntelliJ IDEA 2023.2.4\lib\idea_rt.jar=52043:C:\Program Files\JetBrains\IntelliJ IDEA 2023.2.4\bin -Dfile.encoding=UTF-8 -Dsun.stdout.encoding=UTF-8 -Dsun.stderr.encoding=UTF-8 org.codehaus.classworlds.Launcher -Didea.version=2023.2.4 install

Host: AMD Ryzen 5 7600 6-Core Processor              , 12 cores, 15G,  Windows 11 , 64 bit Build 22621 (10.0.22621.3374)
Time: Sun Apr 14 19:07:47 2024 Hora est. Pacífico, Sudamérica elapsed time: 13.166124 seconds (0d 0h 0m 13s)

---------------  T H R E A D  ---------------

Current thread (0x000002c45d360b30):  VMThread "VM Thread"          [id=14596, stack(0x000000e6c4400000,0x000000e6c4500000) (1024K)]

Stack: [0x000000e6c4400000,0x000000e6c4500000]
Native frames: (J=compiled Java code, j=interpreted, Vv=VM code, C=native code)
V  [jvm.dll+0x6c9029]
V  [jvm.dll+0x854b81]
V  [jvm.dll+0x856e5e]
V  [jvm.dll+0x857543]
V  [jvm.dll+0x280c06]
V  [jvm.dll+0x6c5715]
V  [jvm.dll+0x6ba10a]
V  [jvm.dll+0x3557ea]
V  [jvm.dll+0x35d436]
V  [jvm.dll+0x3ae1be]
V  [jvm.dll+0x3ae468]
V  [jvm.dll+0x3291fc]
V  [jvm.dll+0x329287]
V  [jvm.dll+0x36db3c]
V  [jvm.dll+0x36c33d]
V  [jvm.dll+0x328971]
V  [jvm.dll+0x36ba4a]
V  [jvm.dll+0x85d048]
V  [jvm.dll+0x85e144]
V  [jvm.dll+0x85e680]
V  [jvm.dll+0x85e923]
V  [jvm.dll+0x7fd728]
V  [jvm.dll+0x6c777d]
C  [ucrtbase.dll+0x29333]
C  [KERNEL32.DLL+0x1257d]
C  [ntdll.dll+0x5aa48]

VM_Operation (0x000000e6c3dfc010): G1CollectForAllocation, mode: safepoint, requested by thread 0x000002c43e196d70


---------------  P R O C E S S  ---------------

Threads class SMR info:
_java_thread_list=0x000002c4a36598b0, length=16, elements={
0x000002c43e196d70, 0x000002c45d37d2a0, 0x000002c45d37ddf0, 0x000002c45d37eba0,
0x000002c45d37f950, 0x000002c45d380cc0, 0x000002c45d38dc50, 0x000002c45d395c60,
0x000002c45d39d360, 0x000002c45d38e2e0, 0x000002c45d38e970, 0x000002c45d3903b0,
0x000002c45d38fd20, 0x000002c45d38d5c0, 0x000002c45d39bef0, 0x000002c45d39cc90
}

Java Threads: ( => current thread )
  0x000002c43e196d70 JavaThread "main"                              [_thread_blocked, id=13260, stack(0x000000e6c3d00000,0x000000e6c3e00000) (1024K)]
  0x000002c45d37d2a0 JavaThread "Reference Handler"          daemon [_thread_blocked, id=6180, stack(0x000000e6c4500000,0x000000e6c4600000) (1024K)]
  0x000002c45d37ddf0 JavaThread "Finalizer"                  daemon [_thread_blocked, id=16244, stack(0x000000e6c4600000,0x000000e6c4700000) (1024K)]
  0x000002c45d37eba0 JavaThread "Signal Dispatcher"          daemon [_thread_blocked, id=14344, stack(0x000000e6c4700000,0x000000e6c4800000) (1024K)]
  0x000002c45d37f950 JavaThread "Attach Listener"            daemon [_thread_blocked, id=4008, stack(0x000000e6c4800000,0x000000e6c4900000) (1024K)]
  0x000002c45d380cc0 JavaThread "Service Thread"             daemon [_thread_blocked, id=13016, stack(0x000000e6c4900000,0x000000e6c4a00000) (1024K)]
  0x000002c45d38dc50 JavaThread "Monitor Deflation Thread"   daemon [_thread_blocked, id=16004, stack(0x000000e6c4a00000,0x000000e6c4b00000) (1024K)]
  0x000002c45d395c60 JavaThread "C2 CompilerThread0"         daemon [_thread_blocked, id=16448, stack(0x000000e6c4b00000,0x000000e6c4c00000) (1024K)]
  0x000002c45d39d360 JavaThread "C1 CompilerThread0"         daemon [_thread_blocked, id=17968, stack(0x000000e6c4c00000,0x000000e6c4d00000) (1024K)]
  0x000002c45d38e2e0 JavaThread "Common-Cleaner"             daemon [_thread_blocked, id=17404, stack(0x000000e6c4d00000,0x000000e6c4e00000) (1024K)]
  0x000002c45d38e970 JavaThread "Monitor Ctrl-Break"         daemon [_thread_in_native, id=16620, stack(0x000000e6c4e00000,0x000000e6c4f00000) (1024K)]
  0x000002c45d3903b0 JavaThread "Notification Thread"        daemon [_thread_blocked, id=17688, stack(0x000000e6c4f00000,0x000000e6c5000000) (1024K)]
  0x000002c45d38fd20 JavaThread "resolver-1"                 daemon [_thread_blocked, id=13212, stack(0x000000e6c5000000,0x000000e6c5100000) (1024K)]
  0x000002c45d38d5c0 JavaThread "resolver-2"                 daemon [_thread_blocked, id=18268, stack(0x000000e6c5100000,0x000000e6c5200000) (1024K)]
  0x000002c45d39bef0 JavaThread "C2 CompilerThread1"         daemon [_thread_blocked, id=16604, stack(0x000000e6c5e00000,0x000000e6c5f00000) (1024K)]
  0x000002c45d39cc90 JavaThread "C2 CompilerThread2"         daemon [_thread_blocked, id=9604, stack(0x000000e6c5f00000,0x000000e6c6000000) (1024K)]
Total: 16

Other Threads:
=>0x000002c45d360b30 VMThread "VM Thread"                           [id=14596, stack(0x000000e6c4400000,0x000000e6c4500000) (1024K)]
  0x000002c45d348180 WatcherThread "VM Periodic Task Thread"        [id=18328, stack(0x000000e6c4300000,0x000000e6c4400000) (1024K)]
  0x000002c43e1fa560 WorkerThread "GC Thread#0"                     [id=17248, stack(0x000000e6c3e00000,0x000000e6c3f00000) (1024K)]
  0x000002c4a39ef7e0 WorkerThread "GC Thread#1"                     [id=4452, stack(0x000000e6c5200000,0x000000e6c5300000) (1024K)]
  0x000002c4a3b62ee0 WorkerThread "GC Thread#2"                     [id=7320, stack(0x000000e6c5300000,0x000000e6c5400000) (1024K)]
  0x000002c4a3b63280 WorkerThread "GC Thread#3"                     [id=6516, stack(0x000000e6c5400000,0x000000e6c5500000) (1024K)]
  0x000002c4a3ac9510 WorkerThread "GC Thread#4"                     [id=13560, stack(0x000000e6c5500000,0x000000e6c5600000) (1024K)]
  0x000002c4a3db2c00 WorkerThread "GC Thread#5"                     [id=7924, stack(0x000000e6c5600000,0x000000e6c5700000) (1024K)]
  0x000002c4a3db45b0 WorkerThread "GC Thread#6"                     [id=14604, stack(0x000000e6c5700000,0x000000e6c5800000) (1024K)]
  0x000002c4a3db4950 WorkerThread "GC Thread#7"                     [id=14252, stack(0x000000e6c5800000,0x000000e6c5900000) (1024K)]
  0x000002c4a3db3390 WorkerThread "GC Thread#8"                     [id=14096, stack(0x000000e6c5900000,0x000000e6c5a00000) (1024K)]
  0x000002c4a3db3730 WorkerThread "GC Thread#9"                     [id=5236, stack(0x000000e6c5a00000,0x000000e6c5b00000) (1024K)]
  0x000002c43e20c160 ConcurrentGCThread "G1 Main Marker"            [id=18344, stack(0x000000e6c3f00000,0x000000e6c4000000) (1024K)]
  0x000002c43e20d400 WorkerThread "G1 Conc#0"                       [id=4864, stack(0x000000e6c4000000,0x000000e6c4100000) (1024K)]
  0x000002c4a465b5f0 WorkerThread "G1 Conc#1"                       [id=720, stack(0x000000e6c5b00000,0x000000e6c5c00000) (1024K)]
  0x000002c4a465bd30 WorkerThread "G1 Conc#2"                       [id=7388, stack(0x000000e6c5c00000,0x000000e6c5d00000) (1024K)]
  0x000002c45d2199e0 ConcurrentGCThread "G1 Refine#0"               [id=5268, stack(0x000000e6c4100000,0x000000e6c4200000) (1024K)]
  0x000002c45d21c460 ConcurrentGCThread "G1 Service"                [id=8204, stack(0x000000e6c4200000,0x000000e6c4300000) (1024K)]
Total: 18

Threads with active compile tasks:
C1 CompilerThread0    13174 23156       3       org.apache.maven.model.management.DefaultDependencyManagementInjector$ManagementModelMerger::mergeDependency_Exclusions (70 bytes)
Total: 1

VM state: at safepoint (normal execution)

VM Mutex/Monitor currently owned by a thread:  ([mutex/lock_event])
[0x00007ffa0d52a5f8] Threads_lock - owner thread: 0x000002c45d360b30
[0x00007ffa0d52a6f8] Heap_lock - owner thread: 0x000002c43e196d70

Heap address: 0x000000070da00000, size: 3878 MB, Compressed Oops mode: Zero based, Oop shift amount: 3

CDS archive(s) mapped at: [0x000002c45e000000-0x000002c45ec90000-0x000002c45ec90000), size 13172736, SharedBaseAddress: 0x000002c45e000000, ArchiveRelocationMode: 1.
Compressed class space mapped at: 0x000002c45f000000-0x000002c49f000000, reserved size: 1073741824
Narrow klass base: 0x000002c45e000000, Narrow klass shift: 0, Narrow klass range: 0x100000000

GC Precious Log:
 CardTable entry size: 512
 Card Set container configuration: InlinePtr #cards 4 size 8 Array Of Cards #cards 16 size 48 Howl #buckets 8 coarsen threshold 3686 Howl Bitmap #cards 512 size 80 coarsen threshold 460 Card regions per heap region 1 cards per card region 4096
 CPUs: 12 total, 12 available
 Memory: 15511M
 Large Page Support: Disabled
 NUMA Support: Disabled
 Compressed Oops: Enabled (Zero based)
 Heap Region Size: 2M
 Heap Min Capacity: 8M
 Heap Initial Capacity: 244M
 Heap Max Capacity: 3878M
 Pre-touch: Disabled
 Parallel Workers: 10
 Concurrent Workers: 3
 Concurrent Refinement Workers: 10
 Periodic GC: Disabled

Heap:
 garbage-first heap   total 253952K, used 128575K [0x000000070da00000, 0x0000000800000000)
  region size 2048K, 2 young (4096K), 2 survivors (4096K)
 Metaspace       used 116465K, committed 117568K, reserved 1179648K
  class space    used 12736K, committed 13248K, reserved 1048576K

Heap Regions: E=young(eden), S=young(survivor), O=old, HS=humongous(starts), HC=humongous(continues), CS=collection set, F=free, TAMS=top-at-mark-start, PB=parsable bottom
|   0|0x000000070da00000, 0x000000070dc00000, 0x000000070dc00000|100%| O|  |TAMS 0x000000070dc00000| PB 0x000000070da00000| Untracked 
|   1|0x000000070dc00000, 0x000000070de00000, 0x000000070de00000|100%| O|  |TAMS 0x000000070de00000| PB 0x000000070dc00000| Untracked 
|   2|0x000000070de00000, 0x000000070e000000, 0x000000070e000000|100%| O|  |TAMS 0x000000070e000000| PB 0x000000070de00000| Untracked 
|   3|0x000000070e000000, 0x000000070e200000, 0x000000070e200000|100%| O|  |TAMS 0x000000070e200000| PB 0x000000070e000000| Untracked 
|   4|0x000000070e200000, 0x000000070e400000, 0x000000070e400000|100%| O|  |TAMS 0x000000070e400000| PB 0x000000070e200000| Untracked 
|   5|0x000000070e400000, 0x000000070e600000, 0x000000070e600000|100%| O|  |TAMS 0x000000070e600000| PB 0x000000070e400000| Untracked 
|   6|0x000000070e600000, 0x000000070e800000, 0x000000070e800000|100%|HS|  |TAMS 0x000000070e800000| PB 0x000000070e600000| Complete 
|   7|0x000000070e800000, 0x000000070ea00000, 0x000000070ea00000|100%|HC|  |TAMS 0x000000070ea00000| PB 0x000000070e800000| Complete 
|   8|0x000000070ea00000, 0x000000070ec00000, 0x000000070ec00000|100%| O|  |TAMS 0x000000070ec00000| PB 0x000000070ea00000| Untracked 
|   9|0x000000070ec00000, 0x000000070ee00000, 0x000000070ee00000|100%| O|  |TAMS 0x000000070ee00000| PB 0x000000070ec00000| Untracked 
|  10|0x000000070ee00000, 0x000000070f000000, 0x000000070f000000|100%| O|  |TAMS 0x000000070f000000| PB 0x000000070ee00000| Untracked 
|  11|0x000000070f000000, 0x000000070f200000, 0x000000070f200000|100%| O|  |TAMS 0x000000070f200000| PB 0x000000070f000000| Untracked 
|  12|0x000000070f200000, 0x000000070f400000, 0x000000070f400000|100%| O|  |TAMS 0x000000070f400000| PB 0x000000070f200000| Untracked 
|  13|0x000000070f400000, 0x000000070f600000, 0x000000070f600000|100%| O|  |TAMS 0x000000070f600000| PB 0x000000070f400000| Untracked 
|  14|0x000000070f600000, 0x000000070f800000, 0x000000070f800000|100%| O|  |TAMS 0x000000070f800000| PB 0x000000070f600000| Untracked 
|  15|0x000000070f800000, 0x000000070fa00000, 0x000000070fa00000|100%| O|  |TAMS 0x000000070fa00000| PB 0x000000070f800000| Untracked 
|  16|0x000000070fa00000, 0x000000070fc00000, 0x000000070fc00000|100%| O|  |TAMS 0x000000070fc00000| PB 0x000000070fa00000| Untracked 
|  17|0x000000070fc00000, 0x000000070fe00000, 0x000000070fe00000|100%| O|  |TAMS 0x000000070fe00000| PB 0x000000070fc00000| Untracked 
|  18|0x000000070fe00000, 0x0000000710000000, 0x0000000710000000|100%| O|  |TAMS 0x000000070fe00000| PB 0x000000070fe00000| Untracked 
|  19|0x0000000710000000, 0x0000000710200000, 0x0000000710200000|100%| O|  |TAMS 0x0000000710000000| PB 0x0000000710000000| Untracked 
|  20|0x0000000710200000, 0x0000000710400000, 0x0000000710400000|100%| O|  |TAMS 0x0000000710400000| PB 0x0000000710200000| Untracked 
|  21|0x0000000710400000, 0x0000000710600000, 0x0000000710600000|100%| O|  |TAMS 0x0000000710600000| PB 0x0000000710400000| Untracked 
|  22|0x0000000710600000, 0x0000000710800000, 0x0000000710800000|100%| O|  |TAMS 0x0000000710800000| PB 0x0000000710600000| Untracked 
|  23|0x0000000710800000, 0x0000000710a00000, 0x0000000710a00000|100%| O|  |TAMS 0x0000000710a00000| PB 0x0000000710800000| Untracked 
|  24|0x0000000710a00000, 0x0000000710c00000, 0x0000000710c00000|100%| O|  |TAMS 0x0000000710c00000| PB 0x0000000710a00000| Untracked 
|  25|0x0000000710c00000, 0x0000000710e00000, 0x0000000710e00000|100%|HS|  |TAMS 0x0000000710e00000| PB 0x0000000710c00000| Complete 
|  26|0x0000000710e00000, 0x0000000711000000, 0x0000000711000000|100%| O|  |TAMS 0x0000000711000000| PB 0x0000000710e00000| Untracked 
|  27|0x0000000711000000, 0x0000000711200000, 0x0000000711200000|100%| O|  |TAMS 0x0000000711200000| PB 0x0000000711000000| Untracked 
|  28|0x0000000711200000, 0x0000000711400000, 0x0000000711400000|100%| O|  |TAMS 0x0000000711400000| PB 0x0000000711200000| Untracked 
|  29|0x0000000711400000, 0x00000007114eff40, 0x0000000711600000| 46%| O|  |TAMS 0x0000000711400000| PB 0x0000000711400000| Untracked 
|  30|0x0000000711600000, 0x0000000711800000, 0x0000000711800000|100%| O|  |TAMS 0x0000000711800000| PB 0x0000000711600000| Untracked 
|  31|0x0000000711800000, 0x0000000711a00000, 0x0000000711a00000|100%| O|  |TAMS 0x0000000711a00000| PB 0x0000000711800000| Untracked 
|  32|0x0000000711a00000, 0x0000000711c00000, 0x0000000711c00000|100%| O|  |TAMS 0x0000000711c00000| PB 0x0000000711a00000| Untracked 
|  33|0x0000000711c00000, 0x0000000711e00000, 0x0000000711e00000|100%| O|  |TAMS 0x0000000711e00000| PB 0x0000000711c00000| Untracked 
|  34|0x0000000711e00000, 0x0000000712000000, 0x0000000712000000|100%| O|  |TAMS 0x0000000712000000| PB 0x0000000711e00000| Untracked 
|  35|0x0000000712000000, 0x0000000712200000, 0x0000000712200000|100%| O|  |TAMS 0x0000000712200000| PB 0x0000000712000000| Untracked 
|  36|0x0000000712200000, 0x0000000712400000, 0x0000000712400000|100%| O|  |TAMS 0x0000000712400000| PB 0x0000000712200000| Untracked 
|  37|0x0000000712400000, 0x0000000712400000, 0x0000000712600000|  0%| F|  |TAMS 0x0000000712400000| PB 0x0000000712400000| Untracked 
|  38|0x0000000712600000, 0x0000000712800000, 0x0000000712800000|100%| O|  |TAMS 0x0000000712800000| PB 0x0000000712600000| Untracked 
|  39|0x0000000712800000, 0x0000000712a00000, 0x0000000712a00000|100%| O|  |TAMS 0x0000000712a00000| PB 0x0000000712800000| Untracked 
|  40|0x0000000712a00000, 0x0000000712c00000, 0x0000000712c00000|100%| O|  |TAMS 0x0000000712c00000| PB 0x0000000712a00000| Untracked 
|  41|0x0000000712c00000, 0x0000000712c00000, 0x0000000712e00000|  0%| F|  |TAMS 0x0000000712c00000| PB 0x0000000712c00000| Untracked 
|  42|0x0000000712e00000, 0x0000000713000000, 0x0000000713000000|100%| O|  |TAMS 0x0000000713000000| PB 0x0000000712e00000| Untracked 
|  43|0x0000000713000000, 0x0000000713200000, 0x0000000713200000|100%| O|  |TAMS 0x0000000713200000| PB 0x0000000713000000| Untracked 
|  44|0x0000000713200000, 0x0000000713400000, 0x0000000713400000|100%| O|  |TAMS 0x0000000713400000| PB 0x0000000713200000| Untracked 
|  45|0x0000000713400000, 0x0000000713600000, 0x0000000713600000|100%| O|  |TAMS 0x0000000713600000| PB 0x0000000713400000| Untracked 
|  46|0x0000000713600000, 0x0000000713800000, 0x0000000713800000|100%| O|  |TAMS 0x0000000713800000| PB 0x0000000713600000| Untracked 
|  47|0x0000000713800000, 0x0000000713a00000, 0x0000000713a00000|100%| O|  |TAMS 0x0000000713a00000| PB 0x0000000713800000| Untracked 
|  48|0x0000000713a00000, 0x0000000713c00000, 0x0000000713c00000|100%| O|  |TAMS 0x0000000713c00000| PB 0x0000000713a00000| Untracked 
|  49|0x0000000713c00000, 0x0000000713e00000, 0x0000000713e00000|100%| O|  |TAMS 0x0000000713e00000| PB 0x0000000713c00000| Untracked 
|  50|0x0000000713e00000, 0x0000000714000000, 0x0000000714000000|100%| O|  |TAMS 0x0000000714000000| PB 0x0000000713e00000| Untracked 
|  51|0x0000000714000000, 0x0000000714200000, 0x0000000714200000|100%| O|  |TAMS 0x0000000714200000| PB 0x0000000714000000| Untracked 
|  52|0x0000000714200000, 0x0000000714400000, 0x0000000714400000|100%| O|  |TAMS 0x0000000714400000| PB 0x0000000714200000| Untracked 
|  53|0x0000000714400000, 0x0000000714600000, 0x0000000714600000|100%| O|  |TAMS 0x0000000714600000| PB 0x0000000714400000| Untracked 
|  54|0x0000000714600000, 0x0000000714800000, 0x0000000714800000|100%| O|  |TAMS 0x0000000714800000| PB 0x0000000714600000| Untracked 
|  55|0x0000000714800000, 0x0000000714a00000, 0x0000000714a00000|100%| O|  |TAMS 0x0000000714a00000| PB 0x0000000714800000| Untracked 
|  56|0x0000000714a00000, 0x0000000714c00000, 0x0000000714c00000|100%| O|  |TAMS 0x0000000714c00000| PB 0x0000000714a00000| Untracked 
|  57|0x0000000714c00000, 0x0000000714e00000, 0x0000000714e00000|100%| O|  |TAMS 0x0000000714e00000| PB 0x0000000714c00000| Untracked 
|  58|0x0000000714e00000, 0x0000000715000000, 0x0000000715000000|100%| O|  |TAMS 0x0000000715000000| PB 0x0000000714e00000| Untracked 
|  59|0x0000000715000000, 0x0000000715200000, 0x0000000715200000|100%| O|  |TAMS 0x0000000715200000| PB 0x0000000715000000| Untracked 
|  60|0x0000000715200000, 0x0000000715400000, 0x0000000715400000|100%| O|  |TAMS 0x000000071536d3e8| PB 0x0000000715200000| Untracked 
|  61|0x0000000715400000, 0x0000000715600000, 0x0000000715600000|100%| O|  |TAMS 0x0000000715600000| PB 0x0000000715400000| Untracked 
|  62|0x0000000715600000, 0x0000000715600000, 0x0000000715800000|  0%| F|  |TAMS 0x0000000715600000| PB 0x0000000715600000| Untracked 
|  63|0x0000000715800000, 0x0000000715800000, 0x0000000715a00000|  0%| F|  |TAMS 0x0000000715800000| PB 0x0000000715800000| Untracked 
|  64|0x0000000715a00000, 0x0000000715a00000, 0x0000000715c00000|  0%| F|  |TAMS 0x0000000715a00000| PB 0x0000000715a00000| Untracked 
|  65|0x0000000715c00000, 0x0000000715c00000, 0x0000000715e00000|  0%| F|  |TAMS 0x0000000715c00000| PB 0x0000000715c00000| Untracked 
|  66|0x0000000715e00000, 0x0000000715e00000, 0x0000000716000000|  0%| F|  |TAMS 0x0000000715e00000| PB 0x0000000715e00000| Untracked 
|  67|0x0000000716000000, 0x0000000716000000, 0x0000000716200000|  0%| F|  |TAMS 0x0000000716000000| PB 0x0000000716000000| Untracked 
|  68|0x0000000716200000, 0x000000071629ff50, 0x0000000716400000| 31%| S|CS|TAMS 0x0000000716200000| PB 0x0000000716200000| Complete 
|  69|0x0000000716400000, 0x0000000716600000, 0x0000000716600000|100%| S|CS|TAMS 0x0000000716400000| PB 0x0000000716400000| Complete 
|  70|0x0000000716600000, 0x0000000716600000, 0x0000000716800000|  0%| F|  |TAMS 0x0000000716600000| PB 0x0000000716600000| Untracked 
|  71|0x0000000716800000, 0x0000000716800000, 0x0000000716a00000|  0%| F|  |TAMS 0x0000000716800000| PB 0x0000000716800000| Untracked 
|  72|0x0000000716a00000, 0x0000000716a00000, 0x0000000716c00000|  0%| F|  |TAMS 0x0000000716a00000| PB 0x0000000716a00000| Untracked 
|  73|0x0000000716c00000, 0x0000000716c00000, 0x0000000716e00000|  0%| F|  |TAMS 0x0000000716c00000| PB 0x0000000716c00000| Untracked 
|  74|0x0000000716e00000, 0x0000000716e00000, 0x0000000717000000|  0%| F|  |TAMS 0x0000000716e00000| PB 0x0000000716e00000| Untracked 
|  75|0x0000000717000000, 0x0000000717000000, 0x0000000717200000|  0%| F|  |TAMS 0x0000000717000000| PB 0x0000000717000000| Untracked 
|  76|0x0000000717200000, 0x0000000717200000, 0x0000000717400000|  0%| F|  |TAMS 0x0000000717200000| PB 0x0000000717200000| Untracked 
|  77|0x0000000717400000, 0x0000000717400000, 0x0000000717600000|  0%| F|  |TAMS 0x0000000717400000| PB 0x0000000717400000| Untracked 
|  78|0x0000000717600000, 0x0000000717600000, 0x0000000717800000|  0%| F|  |TAMS 0x0000000717600000| PB 0x0000000717600000| Untracked 
|  79|0x0000000717800000, 0x0000000717800000, 0x0000000717a00000|  0%| F|  |TAMS 0x0000000717800000| PB 0x0000000717800000| Untracked 
|  80|0x0000000717a00000, 0x0000000717a00000, 0x0000000717c00000|  0%| F|  |TAMS 0x0000000717a00000| PB 0x0000000717a00000| Untracked 
|  81|0x0000000717c00000, 0x0000000717c00000, 0x0000000717e00000|  0%| F|  |TAMS 0x0000000717c00000| PB 0x0000000717c00000| Untracked 
|  82|0x0000000717e00000, 0x0000000717e00000, 0x0000000718000000|  0%| F|  |TAMS 0x0000000717e00000| PB 0x0000000717e00000| Untracked 
|  83|0x0000000718000000, 0x0000000718000000, 0x0000000718200000|  0%| F|  |TAMS 0x0000000718000000| PB 0x0000000718000000| Untracked 
|  84|0x0000000718200000, 0x0000000718200000, 0x0000000718400000|  0%| F|  |TAMS 0x0000000718200000| PB 0x0000000718200000| Untracked 
|  85|0x0000000718400000, 0x0000000718400000, 0x0000000718600000|  0%| F|  |TAMS 0x0000000718400000| PB 0x0000000718400000| Untracked 
|  86|0x0000000718600000, 0x0000000718600000, 0x0000000718800000|  0%| F|  |TAMS 0x0000000718600000| PB 0x0000000718600000| Untracked 
|  87|0x0000000718800000, 0x0000000718800000, 0x0000000718a00000|  0%| F|  |TAMS 0x0000000718800000| PB 0x0000000718800000| Untracked 
|  88|0x0000000718a00000, 0x0000000718a00000, 0x0000000718c00000|  0%| F|  |TAMS 0x0000000718a00000| PB 0x0000000718a00000| Untracked 
|  89|0x0000000718c00000, 0x0000000718c00000, 0x0000000718e00000|  0%| F|  |TAMS 0x0000000718c00000| PB 0x0000000718c00000| Untracked 
|  90|0x0000000718e00000, 0x0000000718e00000, 0x0000000719000000|  0%| F|  |TAMS 0x0000000718e00000| PB 0x0000000718e00000| Untracked 
|  91|0x0000000719000000, 0x0000000719000000, 0x0000000719200000|  0%| F|  |TAMS 0x0000000719000000| PB 0x0000000719000000| Untracked 
|  92|0x0000000719200000, 0x0000000719200000, 0x0000000719400000|  0%| F|  |TAMS 0x0000000719200000| PB 0x0000000719200000| Untracked 
|  93|0x0000000719400000, 0x0000000719400000, 0x0000000719600000|  0%| F|  |TAMS 0x0000000719400000| PB 0x0000000719400000| Untracked 
|  94|0x0000000719600000, 0x0000000719600000, 0x0000000719800000|  0%| F|  |TAMS 0x0000000719600000| PB 0x0000000719600000| Untracked 
|  95|0x0000000719800000, 0x0000000719800000, 0x0000000719a00000|  0%| F|  |TAMS 0x0000000719800000| PB 0x0000000719800000| Untracked 
|  96|0x0000000719a00000, 0x0000000719a00000, 0x0000000719c00000|  0%| F|  |TAMS 0x0000000719a00000| PB 0x0000000719a00000| Untracked 
|  97|0x0000000719c00000, 0x0000000719c00000, 0x0000000719e00000|  0%| F|  |TAMS 0x0000000719c00000| PB 0x0000000719c00000| Untracked 
|  98|0x0000000719e00000, 0x0000000719e00000, 0x000000071a000000|  0%| F|  |TAMS 0x0000000719e00000| PB 0x0000000719e00000| Untracked 
|  99|0x000000071a000000, 0x000000071a000000, 0x000000071a200000|  0%| F|  |TAMS 0x000000071a000000| PB 0x000000071a000000| Untracked 
| 100|0x000000071a200000, 0x000000071a200000, 0x000000071a400000|  0%| F|  |TAMS 0x000000071a200000| PB 0x000000071a200000| Untracked 
| 101|0x000000071a400000, 0x000000071a400000, 0x000000071a600000|  0%| F|  |TAMS 0x000000071a400000| PB 0x000000071a400000| Untracked 
| 102|0x000000071a600000, 0x000000071a600000, 0x000000071a800000|  0%| F|  |TAMS 0x000000071a600000| PB 0x000000071a600000| Untracked 
| 103|0x000000071a800000, 0x000000071a800000, 0x000000071aa00000|  0%| F|  |TAMS 0x000000071a800000| PB 0x000000071a800000| Untracked 
| 104|0x000000071aa00000, 0x000000071aa00000, 0x000000071ac00000|  0%| F|  |TAMS 0x000000071aa00000| PB 0x000000071aa00000| Untracked 
| 105|0x000000071ac00000, 0x000000071ac00000, 0x000000071ae00000|  0%| F|  |TAMS 0x000000071ac00000| PB 0x000000071ac00000| Untracked 
| 106|0x000000071ae00000, 0x000000071ae00000, 0x000000071b000000|  0%| F|  |TAMS 0x000000071ae00000| PB 0x000000071ae00000| Untracked 
| 107|0x000000071b000000, 0x000000071b000000, 0x000000071b200000|  0%| F|  |TAMS 0x000000071b000000| PB 0x000000071b000000| Untracked 
| 108|0x000000071b200000, 0x000000071b200000, 0x000000071b400000|  0%| F|  |TAMS 0x000000071b200000| PB 0x000000071b200000| Untracked 
| 109|0x000000071b400000, 0x000000071b400000, 0x000000071b600000|  0%| F|  |TAMS 0x000000071b400000| PB 0x000000071b400000| Untracked 
| 110|0x000000071b600000, 0x000000071b600000, 0x000000071b800000|  0%| F|  |TAMS 0x000000071b600000| PB 0x000000071b600000| Untracked 
| 111|0x000000071b800000, 0x000000071b800000, 0x000000071ba00000|  0%| F|  |TAMS 0x000000071b800000| PB 0x000000071b800000| Untracked 
| 112|0x000000071ba00000, 0x000000071ba00000, 0x000000071bc00000|  0%| F|  |TAMS 0x000000071ba00000| PB 0x000000071ba00000| Untracked 
| 113|0x000000071bc00000, 0x000000071bc00000, 0x000000071be00000|  0%| F|  |TAMS 0x000000071bc00000| PB 0x000000071bc00000| Untracked 
| 114|0x000000071be00000, 0x000000071be00000, 0x000000071c000000|  0%| F|  |TAMS 0x000000071be00000| PB 0x000000071be00000| Untracked 
| 115|0x000000071c000000, 0x000000071c000000, 0x000000071c200000|  0%| F|  |TAMS 0x000000071c000000| PB 0x000000071c000000| Untracked 
| 116|0x000000071c200000, 0x000000071c200000, 0x000000071c400000|  0%| F|  |TAMS 0x000000071c200000| PB 0x000000071c200000| Untracked 
| 117|0x000000071c400000, 0x000000071c400000, 0x000000071c600000|  0%| F|  |TAMS 0x000000071c400000| PB 0x000000071c400000| Untracked 
| 118|0x000000071c600000, 0x000000071c600000, 0x000000071c800000|  0%| F|  |TAMS 0x000000071c600000| PB 0x000000071c600000| Untracked 
| 119|0x000000071c800000, 0x000000071c800000, 0x000000071ca00000|  0%| F|  |TAMS 0x000000071c800000| PB 0x000000071c800000| Untracked 
| 120|0x000000071ca00000, 0x000000071ca00000, 0x000000071cc00000|  0%| F|  |TAMS 0x000000071ca00000| PB 0x000000071ca00000| Untracked 
| 121|0x000000071cc00000, 0x000000071cc00000, 0x000000071ce00000|  0%| F|  |TAMS 0x000000071cc00000| PB 0x000000071cc00000| Untracked 
|1937|0x00000007ffc00000, 0x00000007ffe00000, 0x00000007ffe00000|100%| O|  |TAMS 0x00000007ffe00000| PB 0x00000007ffc00000| Untracked 
|1938|0x00000007ffe00000, 0x0000000800000000, 0x0000000800000000|100%| O|  |TAMS 0x0000000800000000| PB 0x00000007ffe00000| Untracked 

Card table byte_map: [0x000002c4562d0000,0x000002c456a70000] _byte_map_base: 0x000002c452a63000

Marking Bits: (CMBitMap*) 0x000002c43e1fac60
 Bits: [0x000002c456a70000, 0x000002c45a708000)

Polling page: 0x000002c43d960000

Metaspace:

Usage:
  Non-class:    101.30 MB used.
      Class:     12.44 MB used.
       Both:    113.74 MB used.

Virtual space:
  Non-class space:      128.00 MB reserved,     101.88 MB ( 80%) committed,  2 nodes.
      Class space:        1.00 GB reserved,      12.94 MB (  1%) committed,  1 nodes.
             Both:        1.12 GB reserved,     114.81 MB ( 10%) committed. 

Chunk freelists:
   Non-Class:  9.39 MB
       Class:  3.09 MB
        Both:  12.49 MB

MaxMetaspaceSize: unlimited
CompressedClassSpaceSize: 1.00 GB
Initial GC threshold: 21.00 MB
Current GC threshold: 174.19 MB
CDS: on
 - commit_granule_bytes: 65536.
 - commit_granule_words: 8192.
 - virtual_space_node_default_size: 8388608.
 - enlarge_chunks_in_place: 1.
 - use_allocation_guard: 0.


Internal statistics:

num_allocs_failed_limit: 18.
num_arena_births: 1684.
num_arena_deaths: 0.
num_vsnodes_births: 3.
num_vsnodes_deaths: 0.
num_space_committed: 1834.
num_space_uncommitted: 0.
num_chunks_returned_to_freelist: 18.
num_chunks_taken_from_freelist: 5823.
num_chunk_merges: 15.
num_chunk_splits: 4450.
num_chunks_enlarged: 3547.
num_inconsistent_stats: 0.

CodeHeap 'non-profiled nmethods': size=120000Kb used=13023Kb max_used=13023Kb free=106976Kb
 bounds [0x000002c44e0b0000, 0x000002c44ed70000, 0x000002c4555e0000]
CodeHeap 'profiled nmethods': size=120000Kb used=56095Kb max_used=56095Kb free=63905Kb
 bounds [0x000002c4465e0000, 0x000002c449cb0000, 0x000002c44db10000]
CodeHeap 'non-nmethods': size=5760Kb used=2242Kb max_used=2299Kb free=3518Kb
 bounds [0x000002c44db10000, 0x000002c44dd80000, 0x000002c44e0b0000]
 total_blobs=21100 nmethods=20177 adapters=823
 compilation: enabled
              stopped_count=0, restarted_count=0
 full_count=0

Compilation events (20 events):
Event: 13.115 Thread 0x000002c45d39d360 23147       3       org.eclipse.aether.util.repository.DefaultProxySelector::getProxy (230 bytes)
Event: 13.115 Thread 0x000002c45d39cc90 nmethod 23145 0x000002c44ed66710 code [0x000002c44ed668e0, 0x000002c44ed66d50]
Event: 13.116 Thread 0x000002c45d39d360 nmethod 23147 0x000002c449c9e490 code [0x000002c449c9e8a0, 0x000002c449ca04e0]
Event: 13.129 Thread 0x000002c45d39d360 23148       3       org.apache.maven.model.io.xpp3.MavenXpp3Reader::parseDependencyManagement (206 bytes)
Event: 13.130 Thread 0x000002c45d39d360 nmethod 23148 0x000002c449ca0e10 code [0x000002c449ca11a0, 0x000002c449ca2678]
Event: 13.137 Thread 0x000002c45d39bef0 23149       4       org.jetbrains.maven.server.EventInfoPrinter::appendReplacingNewLines (137 bytes)
Event: 13.137 Thread 0x000002c45d39d360 23150   !   3       java.io.File::toPath (54 bytes)
Event: 13.137 Thread 0x000002c45d39d360 nmethod 23150 0x000002c449ca2e90 code [0x000002c449ca3080, 0x000002c449ca36f0]
Event: 13.141 Thread 0x000002c45d39bef0 nmethod 23149 0x000002c44ed66f10 code [0x000002c44ed67140, 0x000002c44ed678e0]
Event: 13.146 Thread 0x000002c45d39d360 23151       3       org.apache.maven.model.merge.ModelMerger::mergeRepositoryBase_Layout (43 bytes)
Event: 13.146 Thread 0x000002c45d39d360 nmethod 23151 0x000002c449ca3910 code [0x000002c449ca3ae0, 0x000002c449ca4070]
Event: 13.146 Thread 0x000002c45d39d360 23152       3       org.apache.maven.model.merge.ModelMerger::mergeRepository_Releases (49 bytes)
Event: 13.146 Thread 0x000002c45d39d360 nmethod 23152 0x000002c449ca4210 code [0x000002c449ca43e0, 0x000002c449ca49b0]
Event: 13.146 Thread 0x000002c45d39d360 23153       3       org.apache.maven.model.merge.ModelMerger::mergeRepository_Snapshots (49 bytes)
Event: 13.146 Thread 0x000002c45d39d360 nmethod 23153 0x000002c449ca4b90 code [0x000002c449ca4d60, 0x000002c449ca5330]
Event: 13.154 Thread 0x000002c45d39d360 23154       3       org.apache.maven.model.Dependency::setLocation (390 bytes)
Event: 13.154 Thread 0x000002c45d39d360 nmethod 23154 0x000002c449ca5510 code [0x000002c449ca58c0, 0x000002c449ca7440]
Event: 13.160 Thread 0x000002c45d39d360 23155       3       org.apache.maven.model.management.DefaultDependencyManagementInjector$ManagementModelMerger::mergeDependency_Optional (1 bytes)
Event: 13.160 Thread 0x000002c45d39d360 nmethod 23155 0x000002c449ca7890 code [0x000002c449ca7a20, 0x000002c449ca7b28]
Event: 13.160 Thread 0x000002c45d39d360 23156       3       org.apache.maven.model.management.DefaultDependencyManagementInjector$ManagementModelMerger::mergeDependency_Exclusions (70 bytes)

GC Heap History (20 events):
Event: 6.916 GC heap after
{Heap after GC invocations=13 (full 0):
 garbage-first heap   total 204800K, used 49221K [0x000000070da00000, 0x0000000800000000)
  region size 2048K, 4 young (8192K), 4 survivors (8192K)
 Metaspace       used 61088K, committed 61888K, reserved 1114112K
  class space    used 7429K, committed 7808K, reserved 1048576K
}
Event: 7.858 GC heap before
{Heap before GC invocations=14 (full 0):
 garbage-first heap   total 178176K, used 163909K [0x000000070da00000, 0x0000000800000000)
  region size 2048K, 60 young (122880K), 4 survivors (8192K)
 Metaspace       used 73385K, committed 74304K, reserved 1114112K
  class space    used 8748K, committed 9152K, reserved 1048576K
}
Event: 7.869 GC heap after
{Heap after GC invocations=15 (full 0):
 garbage-first heap   total 186368K, used 61944K [0x000000070da00000, 0x0000000800000000)
  region size 2048K, 8 young (16384K), 8 survivors (16384K)
 Metaspace       used 73385K, committed 74304K, reserved 1114112K
  class space    used 8748K, committed 9152K, reserved 1048576K
}
Event: 8.557 GC heap before
{Heap before GC invocations=15 (full 0):
 garbage-first heap   total 186368K, used 156152K [0x000000070da00000, 0x0000000800000000)
  region size 2048K, 54 young (110592K), 8 survivors (16384K)
 Metaspace       used 87229K, committed 88192K, reserved 1179648K
  class space    used 10003K, committed 10432K, reserved 1048576K
}
Event: 8.568 GC heap after
{Heap after GC invocations=16 (full 0):
 garbage-first heap   total 186368K, used 67861K [0x000000070da00000, 0x0000000800000000)
  region size 2048K, 4 young (8192K), 4 survivors (8192K)
 Metaspace       used 87229K, committed 88192K, reserved 1179648K
  class space    used 10003K, committed 10432K, reserved 1048576K
}
Event: 9.356 GC heap before
{Heap before GC invocations=16 (full 0):
 garbage-first heap   total 186368K, used 160021K [0x000000070da00000, 0x0000000800000000)
  region size 2048K, 49 young (100352K), 4 survivors (8192K)
 Metaspace       used 96136K, committed 97152K, reserved 1179648K
  class space    used 10834K, committed 11328K, reserved 1048576K
}
Event: 9.365 GC heap after
{Heap after GC invocations=17 (full 0):
 garbage-first heap   total 186368K, used 84563K [0x000000070da00000, 0x0000000800000000)
  region size 2048K, 7 young (14336K), 7 survivors (14336K)
 Metaspace       used 96136K, committed 97152K, reserved 1179648K
  class space    used 10834K, committed 11328K, reserved 1048576K
}
Event: 9.746 GC heap before
{Heap before GC invocations=17 (full 0):
 garbage-first heap   total 186368K, used 156243K [0x000000070da00000, 0x0000000800000000)
  region size 2048K, 42 young (86016K), 7 survivors (14336K)
 Metaspace       used 98664K, committed 99648K, reserved 1179648K
  class space    used 11098K, committed 11584K, reserved 1048576K
}
Event: 9.758 GC heap after
{Heap after GC invocations=18 (full 0):
 garbage-first heap   total 225280K, used 94176K [0x000000070da00000, 0x0000000800000000)
  region size 2048K, 5 young (10240K), 5 survivors (10240K)
 Metaspace       used 98664K, committed 99648K, reserved 1179648K
  class space    used 11098K, committed 11584K, reserved 1048576K
}
Event: 10.378 GC heap before
{Heap before GC invocations=19 (full 0):
 garbage-first heap   total 225280K, used 188384K [0x000000070da00000, 0x0000000800000000)
  region size 2048K, 50 young (102400K), 5 survivors (10240K)
 Metaspace       used 104434K, committed 105472K, reserved 1179648K
  class space    used 11833K, committed 12288K, reserved 1048576K
}
Event: 10.384 GC heap after
{Heap after GC invocations=20 (full 0):
 garbage-first heap   total 225280K, used 100952K [0x000000070da00000, 0x0000000800000000)
  region size 2048K, 4 young (8192K), 4 survivors (8192K)
 Metaspace       used 104434K, committed 105472K, reserved 1179648K
  class space    used 11833K, committed 12288K, reserved 1048576K
}
Event: 10.549 GC heap before
{Heap before GC invocations=20 (full 0):
 garbage-first heap   total 225280K, used 191064K [0x000000070da00000, 0x0000000800000000)
  region size 2048K, 48 young (98304K), 4 survivors (8192K)
 Metaspace       used 104746K, committed 105856K, reserved 1179648K
  class space    used 11848K, committed 12352K, reserved 1048576K
}
Event: 10.554 GC heap after
{Heap after GC invocations=21 (full 0):
 garbage-first heap   total 225280K, used 101106K [0x000000070da00000, 0x0000000800000000)
  region size 2048K, 4 young (8192K), 4 survivors (8192K)
 Metaspace       used 104746K, committed 105856K, reserved 1179648K
  class space    used 11848K, committed 12352K, reserved 1048576K
}
Event: 11.017 GC heap before
{Heap before GC invocations=21 (full 0):
 garbage-first heap   total 225280K, used 195314K [0x000000070da00000, 0x0000000800000000)
  region size 2048K, 50 young (102400K), 4 survivors (8192K)
 Metaspace       used 105867K, committed 106944K, reserved 1179648K
  class space    used 11950K, committed 12416K, reserved 1048576K
}
Event: 11.028 GC heap after
{Heap after GC invocations=22 (full 0):
 garbage-first heap   total 225280K, used 112985K [0x000000070da00000, 0x0000000800000000)
  region size 2048K, 7 young (14336K), 7 survivors (14336K)
 Metaspace       used 105867K, committed 106944K, reserved 1179648K
  class space    used 11950K, committed 12416K, reserved 1048576K
}
Event: 11.710 GC heap before
{Heap before GC invocations=23 (full 0):
 garbage-first heap   total 225280K, used 194905K [0x000000070da00000, 0x0000000800000000)
  region size 2048K, 47 young (96256K), 7 survivors (14336K)
 Metaspace       used 108756K, committed 109824K, reserved 1179648K
  class space    used 12089K, committed 12608K, reserved 1048576K
}
Event: 11.723 GC heap after
{Heap after GC invocations=24 (full 0):
 garbage-first heap   total 225280K, used 127551K [0x000000070da00000, 0x0000000800000000)
  region size 2048K, 6 young (12288K), 6 survivors (12288K)
 Metaspace       used 108756K, committed 109824K, reserved 1179648K
  class space    used 12089K, committed 12608K, reserved 1048576K
}
Event: 12.267 GC heap before
{Heap before GC invocations=24 (full 0):
 garbage-first heap   total 225280K, used 195135K [0x000000070da00000, 0x0000000800000000)
  region size 2048K, 39 young (79872K), 6 survivors (12288K)
 Metaspace       used 112779K, committed 113920K, reserved 1179648K
  class space    used 12464K, committed 12992K, reserved 1048576K
}
Event: 12.277 GC heap after
{Heap after GC invocations=25 (full 0):
 garbage-first heap   total 225280K, used 128436K [0x000000070da00000, 0x0000000800000000)
  region size 2048K, 4 young (8192K), 4 survivors (8192K)
 Metaspace       used 112779K, committed 113920K, reserved 1179648K
  class space    used 12464K, committed 12992K, reserved 1048576K
}
Event: 13.160 GC heap before
{Heap before GC invocations=25 (full 0):
 garbage-first heap   total 225280K, used 198068K [0x000000070da00000, 0x0000000800000000)
  region size 2048K, 38 young (77824K), 4 survivors (8192K)
 Metaspace       used 116465K, committed 117568K, reserved 1179648K
  class space    used 12736K, committed 13248K, reserved 1048576K
}

Dll operation events (13 events):
Event: 0.004 Loaded shared library C:\Users\alejo\.jdks\openjdk-21.0.1\bin\java.dll
Event: 0.021 Loaded shared library C:\Users\alejo\.jdks\openjdk-21.0.1\bin\jsvml.dll
Event: 0.040 Loaded shared library C:\Users\alejo\.jdks\openjdk-21.0.1\bin\zip.dll
Event: 0.042 Loaded shared library C:\Users\alejo\.jdks\openjdk-21.0.1\bin\instrument.dll
Event: 0.044 Loaded shared library C:\Users\alejo\.jdks\openjdk-21.0.1\bin\net.dll
Event: 0.045 Loaded shared library C:\Users\alejo\.jdks\openjdk-21.0.1\bin\nio.dll
Event: 0.046 Loaded shared library C:\Users\alejo\.jdks\openjdk-21.0.1\bin\zip.dll
Event: 0.052 Loaded shared library C:\Program Files\JetBrains\IntelliJ IDEA 2023.2.4\bin\breakgen64.dll
Event: 0.057 Loaded shared library C:\Users\alejo\.jdks\openjdk-21.0.1\bin\extnet.dll
Event: 0.094 Loaded shared library C:\Users\alejo\.jdks\openjdk-21.0.1\bin\jimage.dll
Event: 0.117 Loaded shared library C:\Users\alejo\AppData\Local\Temp\jansi-2.4.0-2112b9ffe402c079-jansi.dll
Event: 0.122 Loaded shared library C:\Users\alejo\.jdks\openjdk-21.0.1\bin\verify.dll
Event: 3.903 Loaded shared library C:\Users\alejo\.jdks\openjdk-21.0.1\bin\sunmscapi.dll

Deoptimization events (20 events):
Event: 12.680 Thread 0x000002c43e196d70 Uncommon trap: trap_request=0xffffff45 fr.pc=0x000002c44e824010 relative=0x0000000000000250
Event: 12.680 Thread 0x000002c43e196d70 Uncommon trap: reason=unstable_if action=reinterpret pc=0x000002c44e824010 method=kotlin.text.StringsKt__StringsKt.substringAfter(Ljava/lang/String;Ljava/lang/String;Ljava/lang/String;)Ljava/lang/String; @ 36 c2
Event: 12.680 Thread 0x000002c43e196d70 DEOPT PACKING pc=0x000002c44e824010 sp=0x000000e6c3dfa570
Event: 12.680 Thread 0x000002c43e196d70 DEOPT UNPACKING pc=0x000002c44db67da2 sp=0x000000e6c3dfa470 mode 2
Event: 12.728 Thread 0x000002c43e196d70 Uncommon trap: trap_request=0xffffff45 fr.pc=0x000002c44e2a8208 relative=0x0000000000000148
Event: 12.728 Thread 0x000002c43e196d70 Uncommon trap: reason=unstable_if action=reinterpret pc=0x000002c44e2a8208 method=org.jetbrains.kotlin.protobuf.ByteString.copyTo([BIII)V @ 207 c2
Event: 12.728 Thread 0x000002c43e196d70 DEOPT PACKING pc=0x000002c44e2a8208 sp=0x000000e6c3dfd370
Event: 12.728 Thread 0x000002c43e196d70 DEOPT UNPACKING pc=0x000002c44db67da2 sp=0x000000e6c3dfd218 mode 2
Event: 12.728 Thread 0x000002c43e196d70 Uncommon trap: trap_request=0xffffff45 fr.pc=0x000002c44e517ba4 relative=0x00000000000001e4
Event: 12.728 Thread 0x000002c43e196d70 Uncommon trap: reason=unstable_if action=reinterpret pc=0x000002c44e517ba4 method=org.jetbrains.kotlin.protobuf.ByteString.copyTo([BIII)V @ 207 c2
Event: 12.728 Thread 0x000002c43e196d70 DEOPT PACKING pc=0x000002c44e517ba4 sp=0x000000e6c3dfd2f0
Event: 12.728 Thread 0x000002c43e196d70 DEOPT UNPACKING pc=0x000002c44db67da2 sp=0x000000e6c3dfd220 mode 2
Event: 12.728 Thread 0x000002c43e196d70 Uncommon trap: trap_request=0xffffff45 fr.pc=0x000002c44e216f34 relative=0x0000000000000174
Event: 12.728 Thread 0x000002c43e196d70 Uncommon trap: reason=unstable_if action=reinterpret pc=0x000002c44e216f34 method=org.jetbrains.kotlin.protobuf.ByteString.copyTo([BIII)V @ 207 c2
Event: 12.728 Thread 0x000002c43e196d70 DEOPT PACKING pc=0x000002c44e216f34 sp=0x000000e6c3dfd270
Event: 12.728 Thread 0x000002c43e196d70 DEOPT UNPACKING pc=0x000002c44db67da2 sp=0x000000e6c3dfd218 mode 2
Event: 12.728 Thread 0x000002c43e196d70 Uncommon trap: trap_request=0xffffffc6 fr.pc=0x000002c44e4735d0 relative=0x0000000000000650
Event: 12.728 Thread 0x000002c43e196d70 Uncommon trap: reason=bimorphic_or_optimized_type_check action=maybe_recompile pc=0x000002c44e4735d0 method=org.jetbrains.kotlin.protobuf.CodedOutputStream.refreshBuffer()V @ 28 c2
Event: 12.728 Thread 0x000002c43e196d70 DEOPT PACKING pc=0x000002c44e4735d0 sp=0x000000e6c3dfd560
Event: 12.728 Thread 0x000002c43e196d70 DEOPT UNPACKING pc=0x000002c44db67da2 sp=0x000000e6c3dfd4d8 mode 2

Classes loaded (20 events):
Event: 10.872 Loading class org/w3c/dom/Node
Event: 10.872 Loading class org/w3c/dom/Node done
Event: 10.872 Loading class javax/xml/parsers/ParserConfigurationException
Event: 10.872 Loading class javax/xml/parsers/ParserConfigurationException done
Event: 10.872 Loading class org/xml/sax/SAXException
Event: 10.872 Loading class org/xml/sax/SAXException done
Event: 10.872 Loading class org/w3c/dom/Document
Event: 10.872 Loading class org/w3c/dom/Document done
Event: 10.872 Loading class org/w3c/dom/Element
Event: 10.872 Loading class org/w3c/dom/Element done
Event: 10.892 Loading class java/io/CharArrayWriter
Event: 10.892 Loading class java/io/CharArrayWriter done
Event: 12.022 Loading class java/text/ChoiceFormat
Event: 12.022 Loading class java/text/ChoiceFormat done
Event: 12.030 Loading class java/lang/invoke/DirectMethodHandle$1
Event: 12.030 Loading class java/lang/invoke/DirectMethodHandle$1 done
Event: 12.033 Loading class java/text/MessageFormat$Field
Event: 12.033 Loading class java/text/MessageFormat$Field done
Event: 12.908 Loading class java/util/Collections$UnmodifiableList$1
Event: 12.908 Loading class java/util/Collections$UnmodifiableList$1 done

Classes unloaded (0 events):
No events

Classes redefined (0 events):
No events

Internal exceptions (20 events):
Event: 10.531 Thread 0x000002c43e196d70 Exception <a 'sun/nio/fs/WindowsException'{0x00000007166886e8}> (0x00000007166886e8) 
thrown [s\open\src\hotspot\share\prims\jni.cpp, line 520]
Event: 10.558 Thread 0x000002c43e196d70 Exception <a 'sun/nio/fs/WindowsException'{0x000000071cd2b8c8}> (0x000000071cd2b8c8) 
thrown [s\open\src\hotspot\share\prims\jni.cpp, line 520]
Event: 10.896 Thread 0x000002c43e196d70 Exception <a 'sun/nio/fs/WindowsException'{0x0000000719788990}> (0x0000000719788990) 
thrown [s\open\src\hotspot\share\prims\jni.cpp, line 520]
Event: 10.903 Thread 0x000002c43e196d70 Exception <a 'sun/nio/fs/WindowsException'{0x00000007194144e8}> (0x00000007194144e8) 
thrown [s\open\src\hotspot\share\prims\jni.cpp, line 520]
Event: 10.903 Thread 0x000002c43e196d70 Exception <a 'sun/nio/fs/WindowsException'{0x0000000719414d30}> (0x0000000719414d30) 
thrown [s\open\src\hotspot\share\prims\jni.cpp, line 520]
Event: 10.904 Thread 0x000002c43e196d70 Exception <a 'java/lang/NoSuchMethodError'{0x000000071941c160}: 'void java.lang.invoke.Invokers$Holder.invokeExact_MT(java.lang.Object, java.lang.Object, java.lang.Object)'> (0x000000071941c160) 
thrown [s\open\src\hotspot\share\interpreter\linkResolver.cpp, line 773]
Event: 10.985 Thread 0x000002c43e196d70 Implicit null exception at 0x000002c44e81ba21 to 0x000002c44e81c2c0
Event: 10.985 Thread 0x000002c43e196d70 Implicit null exception at 0x000002c44e69b65d to 0x000002c44e69c044
Event: 11.482 Thread 0x000002c43e196d70 Exception <a 'java/lang/IncompatibleClassChangeError'{0x00000007178a6438}: Found class java.lang.Object, but interface was expected> (0x00000007178a6438) 
thrown [s\open\src\hotspot\share\interpreter\linkResolver.cpp, line 840]
Event: 11.585 Thread 0x000002c43e196d70 Implicit null exception at 0x000002c44e4e6b3c to 0x000002c44e4e6d05
Event: 11.585 Thread 0x000002c43e196d70 Implicit null exception at 0x000002c44e4e6b3c to 0x000002c44e4e6d05
Event: 12.004 Thread 0x000002c43e196d70 Exception <a 'java/lang/NoSuchMethodError'{0x0000000718c229f8}: 'int java.lang.invoke.Invokers$Holder.invokeExact_MT(java.lang.Object, java.lang.Object, java.lang.Object)'> (0x0000000718c229f8) 
thrown [s\open\src\hotspot\share\interpreter\linkResolver.cpp, line 773]
Event: 12.017 Thread 0x000002c43e196d70 Exception <a 'java/lang/NoSuchMethodError'{0x0000000718db1608}: 'java.lang.Object java.lang.invoke.DirectMethodHandle$Holder.invokeStaticInit(java.lang.Object, java.lang.Object, java.lang.Object, java.lang.Object)'> (0x0000000718db1608) 
thrown [s\open\src\hotspot\share\interpreter\linkResolver.cpp, line 773]
Event: 12.057 Thread 0x000002c43e196d70 Exception <a 'java/lang/NoSuchMethodError'{0x000000071870c2e0}: 'java.lang.Object java.lang.invoke.DirectMethodHandle$Holder.newInvokeSpecial(java.lang.Object, java.lang.Object, java.lang.Object, int, int)'> (0x000000071870c2e0) 
thrown [s\open\src\hotspot\share\interpreter\linkResolver.cpp, line 773]
Event: 12.057 Thread 0x000002c43e196d70 Exception <a 'java/lang/NoSuchMethodError'{0x0000000718710658}: 'java.lang.Object java.lang.invoke.DirectMethodHandle$Holder.invokeSpecial(java.lang.Object, java.lang.Object, java.lang.Object, java.lang.Object, int, int)'> (0x0000000718710658) 
thrown [s\open\src\hotspot\share\interpreter\linkResolver.cpp, line 773]
Event: 12.061 Thread 0x000002c43e196d70 Exception <a 'java/lang/NoSuchMethodError'{0x00000007187630b8}: 'java.lang.Object java.lang.invoke.DirectMethodHandle$Holder.invokeSpecial(java.lang.Object, java.lang.Object, int, int, java.lang.Object, java.lang.Object, java.lang.Object, java.lang.Object, java.lang.Object)'> (0x00000007187630b8) 
thrown [s\open\src\hotspot\share\interpreter\linkResolver.cpp, line 773]
Event: 12.084 Thread 0x000002c43e196d70 Exception <a 'java/lang/NoSuchMethodError'{0x00000007185deb10}: 'java.lang.Object java.lang.invoke.DirectMethodHandle$Holder.invokeStatic(java.lang.Object, java.lang.Object, java.lang.Object, int, int, java.lang.Object, java.lang.Object, java.lang.Object, java.lang.Object)'> (0x00000007185deb10) 
thrown [s\open\src\hotspot\share\interpreter\linkResolver.cpp, line 773]
Event: 12.084 Thread 0x000002c43e196d70 Exception <a 'java/lang/NoSuchMethodError'{0x00000007185e7860}: 'java.lang.Object java.lang.invoke.DirectMethodHandle$Holder.newInvokeSpecial(java.lang.Object, java.lang.Object, java.lang.Object, int, int, java.lang.Object)'> (0x00000007185e7860) 
thrown [s\open\src\hotspot\share\interpreter\linkResolver.cpp, line 773]
Event: 12.085 Thread 0x000002c43e196d70 Exception <a 'java/lang/NoSuchMethodError'{0x00000007185eef98}: 'java.lang.Object java.lang.invoke.Invokers$Holder.linkToTargetMethod(java.lang.Object, java.lang.Object, int, int, java.lang.Object, java.lang.Object)'> (0x00000007185eef98) 
thrown [s\open\src\hotspot\share\interpreter\linkResolver.cpp, line 773]
Event: 12.676 Thread 0x000002c43e196d70 Implicit null exception at 0x000002c44ecb7e26 to 0x000002c44ecb8160

ZGC Phase Switch (0 events):
No events

VM Operations (20 events):
Event: 12.312 Executing VM operation: HandshakeAllThreads (Deoptimize) done
Event: 12.328 Executing VM operation: ICBufferFull
Event: 12.328 Executing VM operation: ICBufferFull done
Event: 12.363 Executing VM operation: ICBufferFull
Event: 12.363 Executing VM operation: ICBufferFull done
Event: 12.470 Executing VM operation: ICBufferFull
Event: 12.470 Executing VM operation: ICBufferFull done
Event: 12.516 Executing VM operation: HandshakeAllThreads (Deoptimize)
Event: 12.516 Executing VM operation: HandshakeAllThreads (Deoptimize) done
Event: 12.536 Executing VM operation: ICBufferFull
Event: 12.536 Executing VM operation: ICBufferFull done
Event: 12.618 Executing VM operation: ICBufferFull
Event: 12.618 Executing VM operation: ICBufferFull done
Event: 12.664 Executing VM operation: ICBufferFull
Event: 12.664 Executing VM operation: ICBufferFull done
Event: 12.688 Executing VM operation: HandshakeAllThreads (Deoptimize)
Event: 12.688 Executing VM operation: HandshakeAllThreads (Deoptimize) done
Event: 12.883 Executing VM operation: ICBufferFull
Event: 12.883 Executing VM operation: ICBufferFull done
Event: 13.160 Executing VM operation: G1CollectForAllocation (G1 Evacuation Pause)

Events (20 events):
Event: 11.073 Thread 0x000002c45d360b30 flushing nmethod 0x000002c44e3aef90
Event: 11.073 Thread 0x000002c45d360b30 flushing nmethod 0x000002c44e3aa990
Event: 11.073 Thread 0x000002c45d360b30 flushing nmethod 0x000002c44e308590
Event: 11.073 Thread 0x000002c45d360b30 flushing nmethod 0x000002c44e36e290
Event: 11.073 Thread 0x000002c45d360b30 flushing nmethod 0x000002c44e36dc10
Event: 11.073 Thread 0x000002c45d360b30 flushing nmethod 0x000002c44e36be10
Event: 11.073 Thread 0x000002c45d360b30 flushing nmethod 0x000002c44e31e610
Event: 11.073 Thread 0x000002c45d360b30 flushing nmethod 0x000002c44e2fa710
Event: 11.073 Thread 0x000002c45d360b30 flushing nmethod 0x000002c44e2f4c90
Event: 11.073 Thread 0x000002c45d360b30 flushing nmethod 0x000002c44e280e10
Event: 11.073 Thread 0x000002c45d360b30 flushing nmethod 0x000002c44e280990
Event: 11.073 Thread 0x000002c45d360b30 flushing nmethod 0x000002c44e175090
Event: 11.073 Thread 0x000002c45d360b30 flushing nmethod 0x000002c44e253310
Event: 11.073 Thread 0x000002c45d360b30 flushing nmethod 0x000002c44e215a10
Event: 11.073 Thread 0x000002c45d360b30 flushing nmethod 0x000002c44e1bc390
Event: 11.073 Thread 0x000002c45d360b30 flushing nmethod 0x000002c44e1f2990
Event: 11.073 Thread 0x000002c45d360b30 flushing nmethod 0x000002c44e1c1290
Event: 11.073 Thread 0x000002c45d360b30 flushing nmethod 0x000002c44e194410
Event: 11.073 Thread 0x000002c45d360b30 flushing nmethod 0x000002c44e126590
Event: 11.073 Thread 0x000002c45d360b30 flushing nmethod 0x000002c44e10fc90


Dynamic libraries:
0x00007ff777740000 - 0x00007ff77774e000 	C:\Users\alejo\.jdks\openjdk-21.0.1\bin\java.exe
0x00007ffa92dd0000 - 0x00007ffa92fe6000 	C:\Windows\SYSTEM32\ntdll.dll
0x00007ffa91b00000 - 0x00007ffa91bc4000 	C:\Windows\System32\KERNEL32.DLL
0x00007ffa903f0000 - 0x00007ffa90797000 	C:\Windows\System32\KERNELBASE.dll
0x00007ffa909e0000 - 0x00007ffa90af1000 	C:\Windows\System32\ucrtbase.dll
0x00007ffa6f200000 - 0x00007ffa6f218000 	C:\Users\alejo\.jdks\openjdk-21.0.1\bin\jli.dll
0x00007ffa10820000 - 0x00007ffa1083b000 	C:\Users\alejo\.jdks\openjdk-21.0.1\bin\VCRUNTIME140.dll
0x00007ffa90e70000 - 0x00007ffa9101e000 	C:\Windows\System32\USER32.dll
0x00007ffa6ca50000 - 0x00007ffa6cce3000 	C:\Windows\WinSxS\amd64_microsoft.windows.common-controls_6595b64144ccf1df_6.0.22621.3235_none_270f74e173860f98\COMCTL32.dll
0x00007ffa90980000 - 0x00007ffa909a6000 	C:\Windows\System32\win32u.dll
0x00007ffa91db0000 - 0x00007ffa91e57000 	C:\Windows\System32\msvcrt.dll
0x00007ffa91990000 - 0x00007ffa919b9000 	C:\Windows\System32\GDI32.dll
0x00007ffa90230000 - 0x00007ffa90349000 	C:\Windows\System32\gdi32full.dll
0x00007ffa90350000 - 0x00007ffa903ea000 	C:\Windows\System32\msvcp_win.dll
0x00007ffa91500000 - 0x00007ffa91531000 	C:\Windows\System32\IMM32.DLL
0x00007ffa10810000 - 0x00007ffa1081c000 	C:\Users\alejo\.jdks\openjdk-21.0.1\bin\vcruntime140_1.dll
0x00007ffa100a0000 - 0x00007ffa1012e000 	C:\Users\alejo\.jdks\openjdk-21.0.1\bin\msvcp140.dll
0x00007ffa0c8f0000 - 0x00007ffa0d605000 	C:\Users\alejo\.jdks\openjdk-21.0.1\bin\server\jvm.dll
0x00007ffa91c60000 - 0x00007ffa91d12000 	C:\Windows\System32\ADVAPI32.dll
0x00007ffa91140000 - 0x00007ffa911e8000 	C:\Windows\System32\sechost.dll
0x00007ffa909b0000 - 0x00007ffa909d8000 	C:\Windows\System32\bcrypt.dll
0x00007ffa91020000 - 0x00007ffa91135000 	C:\Windows\System32\RPCRT4.dll
0x00007ffa91d30000 - 0x00007ffa91da1000 	C:\Windows\System32\WS2_32.dll
0x00007ffa8ef50000 - 0x00007ffa8ef9d000 	C:\Windows\SYSTEM32\POWRPROF.dll
0x00007ffa889f0000 - 0x00007ffa889fa000 	C:\Windows\SYSTEM32\VERSION.dll
0x00007ffa82b20000 - 0x00007ffa82b54000 	C:\Windows\SYSTEM32\WINMM.dll
0x00007ffa8ef30000 - 0x00007ffa8ef43000 	C:\Windows\SYSTEM32\UMPDC.dll
0x00007ffa8f1e0000 - 0x00007ffa8f1f8000 	C:\Windows\SYSTEM32\kernel.appcore.dll
0x00007ffa106c0000 - 0x00007ffa106ca000 	C:\Users\alejo\.jdks\openjdk-21.0.1\bin\jimage.dll
0x00007ffa87a30000 - 0x00007ffa87c63000 	C:\Windows\SYSTEM32\DBGHELP.DLL
0x00007ffa91540000 - 0x00007ffa918c8000 	C:\Windows\System32\combase.dll
0x00007ffa90ce0000 - 0x00007ffa90db7000 	C:\Windows\System32\OLEAUT32.dll
0x00007ffa84080000 - 0x00007ffa840b2000 	C:\Windows\SYSTEM32\dbgcore.DLL
0x00007ffa901b0000 - 0x00007ffa90229000 	C:\Windows\System32\bcryptPrimitives.dll
0x00007ffa6b8b0000 - 0x00007ffa6b8bf000 	C:\Users\alejo\.jdks\openjdk-21.0.1\bin\instrument.dll
0x00007ffa10500000 - 0x00007ffa1051f000 	C:\Users\alejo\.jdks\openjdk-21.0.1\bin\java.dll
0x00007ffa92090000 - 0x00007ffa928ec000 	C:\Windows\System32\SHELL32.dll
0x00007ffa8e010000 - 0x00007ffa8e909000 	C:\Windows\SYSTEM32\windows.storage.dll
0x00007ffa8ded0000 - 0x00007ffa8e00e000 	C:\Windows\SYSTEM32\wintypes.dll
0x00007ffa91f90000 - 0x00007ffa92083000 	C:\Windows\System32\SHCORE.dll
0x00007ffa918d0000 - 0x00007ffa9192e000 	C:\Windows\System32\shlwapi.dll
0x00007ffa90020000 - 0x00007ffa90041000 	C:\Windows\SYSTEM32\profapi.dll
0x00007ffa0c810000 - 0x00007ffa0c8e7000 	C:\Users\alejo\.jdks\openjdk-21.0.1\bin\jsvml.dll
0x00007ffa10360000 - 0x00007ffa10378000 	C:\Users\alejo\.jdks\openjdk-21.0.1\bin\zip.dll
0x00007ffa106b0000 - 0x00007ffa106c0000 	C:\Users\alejo\.jdks\openjdk-21.0.1\bin\net.dll
0x00007ffa8afd0000 - 0x00007ffa8b106000 	C:\Windows\SYSTEM32\WINHTTP.dll
0x00007ffa8f640000 - 0x00007ffa8f6a9000 	C:\Windows\system32\mswsock.dll
0x00007ffa10380000 - 0x00007ffa10396000 	C:\Users\alejo\.jdks\openjdk-21.0.1\bin\nio.dll
0x00007ffa6b360000 - 0x00007ffa6b37a000 	C:\Program Files\JetBrains\IntelliJ IDEA 2023.2.4\bin\breakgen64.dll
0x00007ffa7c500000 - 0x00007ffa7c507000 	C:\Users\alejo\.jdks\openjdk-21.0.1\bin\extnet.dll
0x0000000069ac0000 - 0x0000000069ae4000 	C:\Users\alejo\AppData\Local\Temp\jansi-2.4.0-2112b9ffe402c079-jansi.dll
0x00007ffa7c4d0000 - 0x00007ffa7c4e0000 	C:\Users\alejo\.jdks\openjdk-21.0.1\bin\verify.dll
0x00007ffa6b350000 - 0x00007ffa6b35e000 	C:\Users\alejo\.jdks\openjdk-21.0.1\bin\sunmscapi.dll
0x00007ffa90810000 - 0x00007ffa90977000 	C:\Windows\System32\CRYPT32.dll
0x00007ffa8fab0000 - 0x00007ffa8fade000 	C:\Windows\SYSTEM32\ncrypt.dll
0x00007ffa8fa70000 - 0x00007ffa8faa7000 	C:\Windows\SYSTEM32\NTASN1.dll
0x00007ffa8f990000 - 0x00007ffa8f9ab000 	C:\Windows\SYSTEM32\CRYPTSP.dll
0x00007ffa8f140000 - 0x00007ffa8f175000 	C:\Windows\system32\rsaenh.dll
0x00007ffa8f6e0000 - 0x00007ffa8f708000 	C:\Windows\SYSTEM32\USERENV.dll
0x00007ffa8f970000 - 0x00007ffa8f97c000 	C:\Windows\SYSTEM32\CRYPTBASE.dll
0x00007ffa8ebe0000 - 0x00007ffa8ec0d000 	C:\Windows\SYSTEM32\IPHLPAPI.DLL
0x00007ffa91d20000 - 0x00007ffa91d29000 	C:\Windows\System32\NSI.dll
0x00007ffa8ec50000 - 0x00007ffa8ed49000 	C:\Windows\SYSTEM32\DNSAPI.dll
0x00007ffa8a200000 - 0x00007ffa8a20a000 	C:\Windows\System32\rasadhlp.dll
0x00007ffa8ab00000 - 0x00007ffa8ab83000 	C:\Windows\System32\fwpuclnt.dll
0x00007ffa8f200000 - 0x00007ffa8f234000 	C:\Windows\SYSTEM32\ntmarta.dll

dbghelp: loaded successfully - version: 4.0.5 - missing functions: none
symbol engine: initialized successfully - sym options: 0x614 - pdb path: .;C:\Users\alejo\.jdks\openjdk-21.0.1\bin;C:\Windows\SYSTEM32;C:\Windows\WinSxS\amd64_microsoft.windows.common-controls_6595b64144ccf1df_6.0.22621.3235_none_270f74e173860f98;C:\Users\alejo\.jdks\openjdk-21.0.1\bin\server;C:\Program Files\JetBrains\IntelliJ IDEA 2023.2.4\bin;C:\Users\alejo\AppData\Local\Temp

VM Arguments:
jvm_args: -Dmaven.multiModuleProjectDirectory=C:\Users\alejo\Documents\Proyecto apis\travel-agency\travel-agency -Djansi.passthrough=true -Dmaven.home=C:\Program Files\JetBrains\IntelliJ IDEA 2023.2.4\plugins\maven\lib\maven3 -Dclassworlds.conf=C:\Program Files\JetBrains\IntelliJ IDEA 2023.2.4\plugins\maven\lib\maven3\bin\m2.conf -Dmaven.ext.class.path=C:\Program Files\JetBrains\IntelliJ IDEA 2023.2.4\plugins\maven\lib\maven-event-listener.jar -javaagent:C:\Program Files\JetBrains\IntelliJ IDEA 2023.2.4\lib\idea_rt.jar=52043:C:\Program Files\JetBrains\IntelliJ IDEA 2023.2.4\bin -Dfile.encoding=UTF-8 -Dsun.stdout.encoding=UTF-8 -Dsun.stderr.encoding=UTF-8 
java_command: org.codehaus.classworlds.Launcher -Didea.version=2023.2.4 install
java_class_path (initial): C:\Program Files\JetBrains\IntelliJ IDEA 2023.2.4\plugins\maven\lib\maven3\boot\plexus-classworlds-2.7.0.jar;C:\Program Files\JetBrains\IntelliJ IDEA 2023.2.4\plugins\maven\lib\maven3\boot\plexus-classworlds.license
Launcher Type: SUN_STANDARD

[Global flags]
     intx CICompilerCount                          = 4                                         {product} {ergonomic}
     uint ConcGCThreads                            = 3                                         {product} {ergonomic}
     uint G1ConcRefinementThreads                  = 10                                        {product} {ergonomic}
   size_t G1HeapRegionSize                         = 2097152                                   {product} {ergonomic}
    uintx GCDrainStackTargetSize                   = 64                                        {product} {ergonomic}
   size_t InitialHeapSize                          = 255852544                                 {product} {ergonomic}
   size_t MarkStackSize                            = 4194304                                   {product} {ergonomic}
   size_t MaxHeapSize                              = 4066377728                                {product} {ergonomic}
   size_t MaxNewSize                               = 2438987776                                {product} {ergonomic}
   size_t MinHeapDeltaBytes                        = 2097152                                   {product} {ergonomic}
   size_t MinHeapSize                              = 8388608                                   {product} {ergonomic}
    uintx NonNMethodCodeHeapSize                   = 5839372                                {pd product} {ergonomic}
    uintx NonProfiledCodeHeapSize                  = 122909434                              {pd product} {ergonomic}
    uintx ProfiledCodeHeapSize                     = 122909434                              {pd product} {ergonomic}
    uintx ReservedCodeCacheSize                    = 251658240                              {pd product} {ergonomic}
     bool SegmentedCodeCache                       = true                                      {product} {ergonomic}
   size_t SoftMaxHeapSize                          = 4066377728                             {manageable} {ergonomic}
     bool UseCompressedOops                        = true                           {product lp64_product} {ergonomic}
     bool UseG1GC                                  = true                                      {product} {ergonomic}
     bool UseLargePagesIndividualAllocation        = false                                  {pd product} {ergonomic}

Logging:
Log output configuration:
 #0: stdout all=warning uptime,level,tags foldmultilines=false
 #1: stderr all=off uptime,level,tags foldmultilines=false

Environment Variables:
PATH=C:\Windows\system32;C:\Windows;C:\Windows\System32\Wbem;C:\Windows\System32\WindowsPowerShell\v1.0\;C:\Windows\System32\OpenSSH\;C:\Program Files (x86)\NVIDIA Corporation\PhysX\Common;C:\ProgramData\chocolatey\bin;C:\Program Files\Git\cmd;C:\Program Files\nodejs\;C:\Program Files\dotnet\;C:\Program Files\Docker\Docker\resources\bin;C:\Users\alejo\AppData\Local\Microsoft\WindowsApps;C:\Users\alejo\AppData\Local\Programs\Microsoft VS Code\bin;C:\Users\alejo\AppData\Roaming\npm;
USERNAME=alejo
OS=Windows_NT
PROCESSOR_IDENTIFIER=AMD64 Family 25 Model 97 Stepping 2, AuthenticAMD
TMP=C:\Users\alejo\AppData\Local\Temp
TEMP=C:\Users\alejo\AppData\Local\Temp




Periodic native trim disabled

---------------  S Y S T E M  ---------------

OS:
 Windows 11 , 64 bit Build 22621 (10.0.22621.3374)
OS uptime: 0 days 2:28 hours
Hyper-V role detected

CPU: total 12 (initial active 12) (12 cores per cpu, 2 threads per core) family 25 model 97 stepping 2 microcode 0x0, cx8, cmov, fxsr, ht, mmx, 3dnowpref, sse, sse2, sse3, ssse3, sse4a, sse4.1, sse4.2, popcnt, lzcnt, tsc, tscinvbit, avx, avx2, aes, erms, clmul, bmi1, bmi2, adx, avx512f, avx512dq, avx512cd, avx512bw, avx512vl, sha, fma, vzeroupper, avx512_vpopcntdq, avx512_vpclmulqdq, avx512_vaes, avx512_vnni, clflush, clflushopt, avx512_vbmi2, avx512_vbmi, hv, rdtscp, rdpid, fsrm, gfni, avx512_bitalg, f16c, cet_ss, avx512_ifma
Processor Information for all 12 processors :
  Max Mhz: 3801, Current Mhz: 3801, Mhz Limit: 3801

Memory: 4k page, system-wide physical 15511M (4872M free)
TotalPageFile size 19607M (AvailPageFile size 13M)
current process WorkingSet (physical memory assigned to process): 575M, peak: 587M
current process commit charge ("private bytes"): 634M, peak: 650M

vm_info: OpenJDK 64-Bit Server VM (21.0.1+12-29) for windows-amd64 JRE (21.0.1+12-29), built on 2023-10-05T13:27:09Z by "mach5one" with MS VC++ 17.1 (VS2022)

END.
